<?xml version="1.0" encoding="UTF-8"?>
<testng-results ignored="0" total="7" passed="7" failed="0" skipped="0">
  <reporter-output>
  </reporter-output>
  <suite started-at="2026-04-21T15:52:27 CEST" name="Default suite" finished-at="2026-04-21T15:52:55 CEST" duration-ms="28385">
    <groups>
    </groups>
    <test started-at="2026-04-21T15:52:27 CEST" name="Default test" finished-at="2026-04-21T15:52:55 CEST" duration-ms="28385">
      <class name="pages.CheckoutOverviewPageTest">
        <test-method is-config="true" signature="setUp()[pri:0, instance:pages.CheckoutOverviewPageTest@57db2b13]" started-at="2026-04-21T15:52:27 CEST" name="setUp" finished-at="2026-04-21T15:52:30 CEST" duration-ms="3460" status="PASS">
          <reporter-output>
          </reporter-output>
        </test-method> <!-- setUp -->
        <test-method is-config="true" signature="validLogin()[pri:0, instance:pages.CheckoutOverviewPageTest@57db2b13]" started-at="2026-04-21T15:52:30 CEST" name="validLogin" finished-at="2026-04-21T15:52:33 CEST" duration-ms="2395" status="PASS">
          <reporter-output>
          </reporter-output>
        </test-method> <!-- validLogin -->
        <test-method signature="verifyAddToCartAndCheckout()[pri:1, instance:pages.CheckoutOverviewPageTest@57db2b13]" started-at="2026-04-21T15:52:33 CEST" name="verifyAddToCartAndCheckout" finished-at="2026-04-21T15:52:46 CEST" duration-ms="12646" status="PASS">
          <reporter-output>
          </reporter-output>
        </test-method> <!-- verifyAddToCartAndCheckout -->
        <test-method signature="verifyCheckoutOverviewPageLoads()[pri:2, instance:pages.CheckoutOverviewPageTest@57db2b13]" started-at="2026-04-21T15:52:46 CEST" name="verifyCheckoutOverviewPageLoads" finished-at="2026-04-21T15:52:46 CEST" duration-ms="107" status="PASS">
          <reporter-output>
          </reporter-output>
        </test-method> <!-- verifyCheckoutOverviewPageLoads -->
        <test-method signature="verifyProductsDisplayedCorrectly()[pri:3, instance:pages.CheckoutOverviewPageTest@57db2b13]" started-at="2026-04-21T15:52:46 CEST" name="verifyProductsDisplayedCorrectly" finished-at="2026-04-21T15:52:51 CEST" duration-ms="5348" status="PASS">
          <reporter-output>
          </reporter-output>
        </test-method> <!-- verifyProductsDisplayedCorrectly -->
        <test-method signature="verifyPriceBreakdown()[pri:4, instance:pages.CheckoutOverviewPageTest@57db2b13]" started-at="2026-04-21T15:52:51 CEST" name="verifyPriceBreakdown" finished-at="2026-04-21T15:52:51 CEST" duration-ms="70" status="PASS">
          <reporter-output>
          </reporter-output>
        </test-method> <!-- verifyPriceBreakdown -->
        <test-method signature="verifyFinishButton()[pri:5, instance:pages.CheckoutOverviewPageTest@57db2b13]" started-at="2026-04-21T15:52:51 CEST" name="verifyFinishButton" finished-at="2026-04-21T15:52:53 CEST" duration-ms="2104" status="PASS">
          <reporter-output>
          </reporter-output>
        </test-method> <!-- verifyFinishButton -->
        <test-method signature="verifyThankyouMessage()[pri:6, instance:pages.CheckoutOverviewPageTest@57db2b13]" started-at="2026-04-21T15:52:53 CEST" name="verifyThankyouMessage" finished-at="2026-04-21T15:52:55 CEST" duration-ms="2080" status="PASS">
          <reporter-output>
          </reporter-output>
        </test-method> <!-- verifyThankyouMessage -->
        <test-method signature="verifyClickBackHome()[pri:7, instance:pages.CheckoutOverviewPageTest@57db2b13]" started-at="2026-04-21T15:52:55 CEST" name="verifyClickBackHome" finished-at="2026-04-21T15:52:55 CEST" duration-ms="94" status="PASS">
          <reporter-output>
          </reporter-output>
        </test-method> <!-- verifyClickBackHome -->
      </class> <!-- pages.CheckoutOverviewPageTest -->
    </test> <!-- Default test -->
  </suite> <!-- Default suite -->
</testng-results>
