<?xml version="1.0" encoding="UTF-8"?>
<!-- Generated by org.testng.reporters.JUnitReportReporter -->
<testsuite hostname="LAPTOP-2A216M94" failures="0" tests="6" name="pages.CheckoutPageTest" time="29.354" errors="0" timestamp="2026-03-31T17:45:51 CEST" skipped="0">
  <testcase classname="pages.CheckoutPageTest" name="verifyAddToCart" time="4.441"/>
  <testcase classname="pages.CheckoutPageTest" name="verifyPageLoads" time="0.109"/>
  <testcase classname="pages.CheckoutPageTest" name="verifyUIElements" time="0.307"/>
  <testcase classname="pages.CheckoutPageTest" name="verifyMandatoryFieldsAllEmpty" time="2.217"/>
  <testcase classname="pages.CheckoutPageTest" name="verifyIndividualFieldValidation" time="13.722"/>
  <testcase classname="pages.CheckoutPageTest" name="verifyNavigationToStepTwo" time="8.558"/>
</testsuite> <!-- pages.CheckoutPageTest -->
