<?xml version="1.0" encoding="UTF-8"?>
<!-- Generated by org.testng.reporters.JUnitReportReporter -->
<testsuite hostname="LAPTOP-2A216M94" failures="0" tests="7" name="pages.ProductDetailsTest" time="10.056" errors="0" timestamp="2026-03-12T08:21:23 CET" skipped="0">
  <testcase classname="pages.ProductDetailsTest" name="verifyProductsDetailsPageUrl" time="2.218"/>
  <testcase classname="pages.ProductDetailsTest" name="verifyProductDetailsPageLoads" time="0.181"/>
  <testcase classname="pages.ProductDetailsTest" name="verifyCorrectProductNameDisplayed" time="2.497"/>
  <testcase classname="pages.ProductDetailsTest" name="verifyProductPriceDisplayed" time="2.351"/>
  <testcase classname="pages.ProductDetailsTest" name="verifyProductImageDisplayed" time="2.320"/>
  <testcase classname="pages.ProductDetailsTest" name="verifyProductDescriptionDisplayed" time="0.046"/>
  <testcase classname="pages.ProductDetailsTest" name="verifyAddToCart" time="0.443"/>
</testsuite> <!-- pages.ProductDetailsTest -->
