<?xml version="1.0" encoding="UTF-8"?>
<!-- Generated by org.testng.reporters.JUnitReportReporter -->
<testsuite hostname="LAPTOP-2A216M94" failures="0" tests="9" name="pages.AddToCartTest" time="25.095" errors="0" timestamp="2026-04-13T15:14:23 CEST" skipped="0">
  <testcase classname="pages.AddToCartTest" name="verifyAddToCart" time="8.595"/>
  <testcase classname="pages.AddToCartTest" name="verifyCartPageLoads" time="0.128"/>
  <testcase classname="pages.AddToCartTest" name="verifyAddedProductDisplayedinCart" time="4.573"/>
  <testcase classname="pages.AddToCartTest" name="verifyRemoveItemFromCart" time="0.184"/>
  <testcase classname="pages.AddToCartTest" name="verifyContinueShopping" time="0.151"/>
  <testcase classname="pages.AddToCartTest" name="verifyCartWithNoItems" time="6.719"/>
  <testcase classname="pages.AddToCartTest" name="verifyCartItemQuantity" time="2.277"/>
  <testcase classname="pages.AddToCartTest" name="verifyCartPersistence" time="2.301"/>
  <testcase classname="pages.AddToCartTest" name="verifyCheckout" time="0.167"/>
</testsuite> <!-- pages.AddToCartTest -->
