<?xml version="1.0" encoding="UTF-8"?>
<!-- Generated by org.testng.reporters.JUnitReportReporter -->
<testsuite hostname="LAPTOP-2A216M94" failures="0" tests="7" name="pages.CheckoutOverviewPageTest" time="22.449" errors="0" timestamp="2026-04-21T15:52:55 CEST" skipped="0">
  <testcase classname="pages.CheckoutOverviewPageTest" name="verifyAddToCartAndCheckout" time="12.646"/>
  <testcase classname="pages.CheckoutOverviewPageTest" name="verifyCheckoutOverviewPageLoads" time="0.107"/>
  <testcase classname="pages.CheckoutOverviewPageTest" name="verifyProductsDisplayedCorrectly" time="5.348"/>
  <testcase classname="pages.CheckoutOverviewPageTest" name="verifyPriceBreakdown" time="0.070"/>
  <testcase classname="pages.CheckoutOverviewPageTest" name="verifyFinishButton" time="2.104"/>
  <testcase classname="pages.CheckoutOverviewPageTest" name="verifyThankyouMessage" time="2.080"/>
  <testcase classname="pages.CheckoutOverviewPageTest" name="verifyClickBackHome" time="0.094"/>
</testsuite> <!-- pages.CheckoutOverviewPageTest -->
